[2025-08-17T20:28:29.514+0000] {processor.py:161} INFO - Started process (PID=206) to work on /opt/airflow/dags/etl_salaries.py
[2025-08-17T20:28:29.516+0000] {processor.py:830} INFO - Processing file /opt/airflow/dags/etl_salaries.py for tasks to queue
[2025-08-17T20:28:29.521+0000] {logging_mixin.py:188} INFO - [2025-08-17T20:28:29.520+0000] {dagbag.py:545} INFO - Filling up the DagBag from /opt/airflow/dags/etl_salaries.py
[2025-08-17T20:28:29.569+0000] {processor.py:840} INFO - DAG(s) 'etl_salaries' retrieved from /opt/airflow/dags/etl_salaries.py
[2025-08-17T20:28:30.355+0000] {logging_mixin.py:188} INFO - [2025-08-17T20:28:30.354+0000] {dag.py:3096} INFO - Sync 1 DAGs
[2025-08-17T20:28:30.378+0000] {logging_mixin.py:188} INFO - [2025-08-17T20:28:30.377+0000] {dag.py:3954} INFO - Setting next_dagrun for etl_salaries to None, run_after=None
[2025-08-17T20:28:30.412+0000] {processor.py:183} INFO - Processing /opt/airflow/dags/etl_salaries.py took 0.911 seconds
[2025-08-17T20:29:00.796+0000] {processor.py:161} INFO - Started process (PID=211) to work on /opt/airflow/dags/etl_salaries.py
[2025-08-17T20:29:00.798+0000] {processor.py:830} INFO - Processing file /opt/airflow/dags/etl_salaries.py for tasks to queue
[2025-08-17T20:29:00.801+0000] {logging_mixin.py:188} INFO - [2025-08-17T20:29:00.800+0000] {dagbag.py:545} INFO - Filling up the DagBag from /opt/airflow/dags/etl_salaries.py
[2025-08-17T20:29:00.830+0000] {processor.py:840} INFO - DAG(s) 'etl_salaries' retrieved from /opt/airflow/dags/etl_salaries.py
[2025-08-17T20:29:00.870+0000] {logging_mixin.py:188} INFO - [2025-08-17T20:29:00.870+0000] {dag.py:3096} INFO - Sync 1 DAGs
[2025-08-17T20:29:00.889+0000] {logging_mixin.py:188} INFO - [2025-08-17T20:29:00.888+0000] {dag.py:3954} INFO - Setting next_dagrun for etl_salaries to None, run_after=None
[2025-08-17T20:29:01.402+0000] {processor.py:183} INFO - Processing /opt/airflow/dags/etl_salaries.py took 0.619 seconds
[2025-08-17T20:29:31.880+0000] {processor.py:161} INFO - Started process (PID=216) to work on /opt/airflow/dags/etl_salaries.py
[2025-08-17T20:29:31.886+0000] {processor.py:830} INFO - Processing file /opt/airflow/dags/etl_salaries.py for tasks to queue
[2025-08-17T20:29:31.894+0000] {logging_mixin.py:188} INFO - [2025-08-17T20:29:31.893+0000] {dagbag.py:545} INFO - Filling up the DagBag from /opt/airflow/dags/etl_salaries.py
[2025-08-17T20:29:31.990+0000] {processor.py:840} INFO - DAG(s) 'etl_salaries' retrieved from /opt/airflow/dags/etl_salaries.py
[2025-08-17T20:29:32.129+0000] {logging_mixin.py:188} INFO - [2025-08-17T20:29:32.128+0000] {dag.py:3096} INFO - Sync 1 DAGs
[2025-08-17T20:29:32.170+0000] {logging_mixin.py:188} INFO - [2025-08-17T20:29:32.170+0000] {dag.py:3954} INFO - Setting next_dagrun for etl_salaries to None, run_after=None
[2025-08-17T20:29:32.569+0000] {processor.py:183} INFO - Processing /opt/airflow/dags/etl_salaries.py took 0.735 seconds
[2025-08-17T20:30:02.927+0000] {processor.py:161} INFO - Started process (PID=221) to work on /opt/airflow/dags/etl_salaries.py
[2025-08-17T20:30:02.929+0000] {processor.py:830} INFO - Processing file /opt/airflow/dags/etl_salaries.py for tasks to queue
[2025-08-17T20:30:02.933+0000] {logging_mixin.py:188} INFO - [2025-08-17T20:30:02.932+0000] {dagbag.py:545} INFO - Filling up the DagBag from /opt/airflow/dags/etl_salaries.py
[2025-08-17T20:30:02.956+0000] {processor.py:840} INFO - DAG(s) 'etl_salaries' retrieved from /opt/airflow/dags/etl_salaries.py
[2025-08-17T20:30:02.999+0000] {logging_mixin.py:188} INFO - [2025-08-17T20:30:02.998+0000] {dag.py:3096} INFO - Sync 1 DAGs
[2025-08-17T20:30:03.018+0000] {logging_mixin.py:188} INFO - [2025-08-17T20:30:03.017+0000] {dag.py:3954} INFO - Setting next_dagrun for etl_salaries to None, run_after=None
[2025-08-17T20:30:03.141+0000] {processor.py:183} INFO - Processing /opt/airflow/dags/etl_salaries.py took 0.224 seconds
[2025-08-17T20:30:33.400+0000] {processor.py:161} INFO - Started process (PID=226) to work on /opt/airflow/dags/etl_salaries.py
[2025-08-17T20:30:33.403+0000] {processor.py:830} INFO - Processing file /opt/airflow/dags/etl_salaries.py for tasks to queue
[2025-08-17T20:30:33.407+0000] {logging_mixin.py:188} INFO - [2025-08-17T20:30:33.406+0000] {dagbag.py:545} INFO - Filling up the DagBag from /opt/airflow/dags/etl_salaries.py
[2025-08-17T20:30:33.459+0000] {processor.py:840} INFO - DAG(s) 'etl_salaries' retrieved from /opt/airflow/dags/etl_salaries.py
[2025-08-17T20:30:33.520+0000] {logging_mixin.py:188} INFO - [2025-08-17T20:30:33.520+0000] {dag.py:3096} INFO - Sync 1 DAGs
[2025-08-17T20:30:33.551+0000] {logging_mixin.py:188} INFO - [2025-08-17T20:30:33.551+0000] {dag.py:3954} INFO - Setting next_dagrun for etl_salaries to None, run_after=None
[2025-08-17T20:30:33.851+0000] {processor.py:183} INFO - Processing /opt/airflow/dags/etl_salaries.py took 0.468 seconds
[2025-08-17T20:31:04.028+0000] {processor.py:161} INFO - Started process (PID=231) to work on /opt/airflow/dags/etl_salaries.py
[2025-08-17T20:31:04.031+0000] {processor.py:830} INFO - Processing file /opt/airflow/dags/etl_salaries.py for tasks to queue
[2025-08-17T20:31:04.035+0000] {logging_mixin.py:188} INFO - [2025-08-17T20:31:04.034+0000] {dagbag.py:545} INFO - Filling up the DagBag from /opt/airflow/dags/etl_salaries.py
[2025-08-17T20:31:04.069+0000] {processor.py:840} INFO - DAG(s) 'etl_salaries' retrieved from /opt/airflow/dags/etl_salaries.py
[2025-08-17T20:31:04.110+0000] {logging_mixin.py:188} INFO - [2025-08-17T20:31:04.110+0000] {dag.py:3096} INFO - Sync 1 DAGs
[2025-08-17T20:31:04.128+0000] {logging_mixin.py:188} INFO - [2025-08-17T20:31:04.128+0000] {dag.py:3954} INFO - Setting next_dagrun for etl_salaries to None, run_after=None
[2025-08-17T20:31:04.257+0000] {processor.py:183} INFO - Processing /opt/airflow/dags/etl_salaries.py took 0.251 seconds
[2025-08-17T20:31:34.714+0000] {processor.py:161} INFO - Started process (PID=236) to work on /opt/airflow/dags/etl_salaries.py
[2025-08-17T20:31:34.716+0000] {processor.py:830} INFO - Processing file /opt/airflow/dags/etl_salaries.py for tasks to queue
[2025-08-17T20:31:34.719+0000] {logging_mixin.py:188} INFO - [2025-08-17T20:31:34.718+0000] {dagbag.py:545} INFO - Filling up the DagBag from /opt/airflow/dags/etl_salaries.py
[2025-08-17T20:31:34.759+0000] {processor.py:840} INFO - DAG(s) 'etl_salaries' retrieved from /opt/airflow/dags/etl_salaries.py
[2025-08-17T20:31:34.816+0000] {logging_mixin.py:188} INFO - [2025-08-17T20:31:34.816+0000] {dag.py:3096} INFO - Sync 1 DAGs
[2025-08-17T20:31:34.846+0000] {logging_mixin.py:188} INFO - [2025-08-17T20:31:34.845+0000] {dag.py:3954} INFO - Setting next_dagrun for etl_salaries to None, run_after=None
[2025-08-17T20:31:34.955+0000] {processor.py:183} INFO - Processing /opt/airflow/dags/etl_salaries.py took 0.252 seconds
[2025-08-17T20:32:05.139+0000] {processor.py:161} INFO - Started process (PID=241) to work on /opt/airflow/dags/etl_salaries.py
[2025-08-17T20:32:05.141+0000] {processor.py:830} INFO - Processing file /opt/airflow/dags/etl_salaries.py for tasks to queue
[2025-08-17T20:32:05.144+0000] {logging_mixin.py:188} INFO - [2025-08-17T20:32:05.144+0000] {dagbag.py:545} INFO - Filling up the DagBag from /opt/airflow/dags/etl_salaries.py
[2025-08-17T20:32:05.195+0000] {processor.py:840} INFO - DAG(s) 'etl_salaries' retrieved from /opt/airflow/dags/etl_salaries.py
[2025-08-17T20:32:05.235+0000] {logging_mixin.py:188} INFO - [2025-08-17T20:32:05.235+0000] {dag.py:3096} INFO - Sync 1 DAGs
[2025-08-17T20:32:05.256+0000] {logging_mixin.py:188} INFO - [2025-08-17T20:32:05.255+0000] {dag.py:3954} INFO - Setting next_dagrun for etl_salaries to None, run_after=None
[2025-08-17T20:32:05.321+0000] {processor.py:183} INFO - Processing /opt/airflow/dags/etl_salaries.py took 0.201 seconds
[2025-08-17T20:32:35.803+0000] {processor.py:161} INFO - Started process (PID=246) to work on /opt/airflow/dags/etl_salaries.py
[2025-08-17T20:32:35.805+0000] {processor.py:830} INFO - Processing file /opt/airflow/dags/etl_salaries.py for tasks to queue
[2025-08-17T20:32:35.808+0000] {logging_mixin.py:188} INFO - [2025-08-17T20:32:35.808+0000] {dagbag.py:545} INFO - Filling up the DagBag from /opt/airflow/dags/etl_salaries.py
[2025-08-17T20:32:35.852+0000] {processor.py:840} INFO - DAG(s) 'etl_salaries' retrieved from /opt/airflow/dags/etl_salaries.py
[2025-08-17T20:32:35.894+0000] {logging_mixin.py:188} INFO - [2025-08-17T20:32:35.894+0000] {dag.py:3096} INFO - Sync 1 DAGs
[2025-08-17T20:32:35.917+0000] {logging_mixin.py:188} INFO - [2025-08-17T20:32:35.916+0000] {dag.py:3954} INFO - Setting next_dagrun for etl_salaries to None, run_after=None
[2025-08-17T20:32:36.015+0000] {processor.py:183} INFO - Processing /opt/airflow/dags/etl_salaries.py took 0.226 seconds
[2025-08-17T20:33:06.186+0000] {processor.py:161} INFO - Started process (PID=251) to work on /opt/airflow/dags/etl_salaries.py
[2025-08-17T20:33:06.189+0000] {processor.py:830} INFO - Processing file /opt/airflow/dags/etl_salaries.py for tasks to queue
[2025-08-17T20:33:06.194+0000] {logging_mixin.py:188} INFO - [2025-08-17T20:33:06.193+0000] {dagbag.py:545} INFO - Filling up the DagBag from /opt/airflow/dags/etl_salaries.py
[2025-08-17T20:33:06.243+0000] {processor.py:840} INFO - DAG(s) 'etl_salaries' retrieved from /opt/airflow/dags/etl_salaries.py
[2025-08-17T20:33:06.324+0000] {logging_mixin.py:188} INFO - [2025-08-17T20:33:06.323+0000] {dag.py:3096} INFO - Sync 1 DAGs
[2025-08-17T20:33:06.361+0000] {logging_mixin.py:188} INFO - [2025-08-17T20:33:06.361+0000] {dag.py:3954} INFO - Setting next_dagrun for etl_salaries to None, run_after=None
[2025-08-17T20:33:06.456+0000] {processor.py:183} INFO - Processing /opt/airflow/dags/etl_salaries.py took 0.288 seconds
[2025-08-17T20:33:37.005+0000] {processor.py:161} INFO - Started process (PID=256) to work on /opt/airflow/dags/etl_salaries.py
[2025-08-17T20:33:37.010+0000] {processor.py:830} INFO - Processing file /opt/airflow/dags/etl_salaries.py for tasks to queue
[2025-08-17T20:33:37.021+0000] {logging_mixin.py:188} INFO - [2025-08-17T20:33:37.019+0000] {dagbag.py:545} INFO - Filling up the DagBag from /opt/airflow/dags/etl_salaries.py
[2025-08-17T20:33:37.101+0000] {processor.py:840} INFO - DAG(s) 'etl_salaries' retrieved from /opt/airflow/dags/etl_salaries.py
[2025-08-17T20:33:37.222+0000] {logging_mixin.py:188} INFO - [2025-08-17T20:33:37.221+0000] {dag.py:3096} INFO - Sync 1 DAGs
[2025-08-17T20:33:37.268+0000] {logging_mixin.py:188} INFO - [2025-08-17T20:33:37.267+0000] {dag.py:3954} INFO - Setting next_dagrun for etl_salaries to None, run_after=None
[2025-08-17T20:33:37.364+0000] {processor.py:183} INFO - Processing /opt/airflow/dags/etl_salaries.py took 0.389 seconds
[2025-08-17T20:34:07.801+0000] {processor.py:161} INFO - Started process (PID=261) to work on /opt/airflow/dags/etl_salaries.py
[2025-08-17T20:34:07.802+0000] {processor.py:830} INFO - Processing file /opt/airflow/dags/etl_salaries.py for tasks to queue
[2025-08-17T20:34:07.805+0000] {logging_mixin.py:188} INFO - [2025-08-17T20:34:07.805+0000] {dagbag.py:545} INFO - Filling up the DagBag from /opt/airflow/dags/etl_salaries.py
[2025-08-17T20:34:07.851+0000] {processor.py:840} INFO - DAG(s) 'etl_salaries' retrieved from /opt/airflow/dags/etl_salaries.py
[2025-08-17T20:34:07.887+0000] {logging_mixin.py:188} INFO - [2025-08-17T20:34:07.887+0000] {dag.py:3096} INFO - Sync 1 DAGs
[2025-08-17T20:34:07.908+0000] {logging_mixin.py:188} INFO - [2025-08-17T20:34:07.907+0000] {dag.py:3954} INFO - Setting next_dagrun for etl_salaries to None, run_after=None
[2025-08-17T20:34:08.133+0000] {processor.py:183} INFO - Processing /opt/airflow/dags/etl_salaries.py took 0.346 seconds
[2025-08-17T20:34:38.642+0000] {processor.py:161} INFO - Started process (PID=266) to work on /opt/airflow/dags/etl_salaries.py
[2025-08-17T20:34:38.645+0000] {processor.py:830} INFO - Processing file /opt/airflow/dags/etl_salaries.py for tasks to queue
[2025-08-17T20:34:38.649+0000] {logging_mixin.py:188} INFO - [2025-08-17T20:34:38.648+0000] {dagbag.py:545} INFO - Filling up the DagBag from /opt/airflow/dags/etl_salaries.py
[2025-08-17T20:34:38.700+0000] {processor.py:840} INFO - DAG(s) 'etl_salaries' retrieved from /opt/airflow/dags/etl_salaries.py
[2025-08-17T20:34:38.741+0000] {logging_mixin.py:188} INFO - [2025-08-17T20:34:38.741+0000] {dag.py:3096} INFO - Sync 1 DAGs
[2025-08-17T20:34:38.761+0000] {logging_mixin.py:188} INFO - [2025-08-17T20:34:38.761+0000] {dag.py:3954} INFO - Setting next_dagrun for etl_salaries to None, run_after=None
[2025-08-17T20:34:38.875+0000] {processor.py:183} INFO - Processing /opt/airflow/dags/etl_salaries.py took 0.252 seconds
[2025-08-17T20:35:09.093+0000] {processor.py:161} INFO - Started process (PID=271) to work on /opt/airflow/dags/etl_salaries.py
[2025-08-17T20:35:09.096+0000] {processor.py:830} INFO - Processing file /opt/airflow/dags/etl_salaries.py for tasks to queue
[2025-08-17T20:35:09.100+0000] {logging_mixin.py:188} INFO - [2025-08-17T20:35:09.099+0000] {dagbag.py:545} INFO - Filling up the DagBag from /opt/airflow/dags/etl_salaries.py
[2025-08-17T20:35:09.152+0000] {processor.py:840} INFO - DAG(s) 'etl_salaries' retrieved from /opt/airflow/dags/etl_salaries.py
[2025-08-17T20:35:09.215+0000] {logging_mixin.py:188} INFO - [2025-08-17T20:35:09.214+0000] {dag.py:3096} INFO - Sync 1 DAGs
[2025-08-17T20:35:09.240+0000] {logging_mixin.py:188} INFO - [2025-08-17T20:35:09.240+0000] {dag.py:3954} INFO - Setting next_dagrun for etl_salaries to None, run_after=None
[2025-08-17T20:35:09.346+0000] {processor.py:183} INFO - Processing /opt/airflow/dags/etl_salaries.py took 0.271 seconds
[2025-08-17T20:35:39.766+0000] {processor.py:161} INFO - Started process (PID=276) to work on /opt/airflow/dags/etl_salaries.py
[2025-08-17T20:35:39.768+0000] {processor.py:830} INFO - Processing file /opt/airflow/dags/etl_salaries.py for tasks to queue
[2025-08-17T20:35:39.771+0000] {logging_mixin.py:188} INFO - [2025-08-17T20:35:39.771+0000] {dagbag.py:545} INFO - Filling up the DagBag from /opt/airflow/dags/etl_salaries.py
[2025-08-17T20:35:39.809+0000] {processor.py:840} INFO - DAG(s) 'etl_salaries' retrieved from /opt/airflow/dags/etl_salaries.py
[2025-08-17T20:35:39.847+0000] {logging_mixin.py:188} INFO - [2025-08-17T20:35:39.847+0000] {dag.py:3096} INFO - Sync 1 DAGs
[2025-08-17T20:35:39.867+0000] {logging_mixin.py:188} INFO - [2025-08-17T20:35:39.866+0000] {dag.py:3954} INFO - Setting next_dagrun for etl_salaries to None, run_after=None
[2025-08-17T20:35:39.980+0000] {processor.py:183} INFO - Processing /opt/airflow/dags/etl_salaries.py took 0.228 seconds
[2025-08-17T20:36:10.205+0000] {processor.py:161} INFO - Started process (PID=281) to work on /opt/airflow/dags/etl_salaries.py
[2025-08-17T20:36:10.206+0000] {processor.py:830} INFO - Processing file /opt/airflow/dags/etl_salaries.py for tasks to queue
[2025-08-17T20:36:10.209+0000] {logging_mixin.py:188} INFO - [2025-08-17T20:36:10.209+0000] {dagbag.py:545} INFO - Filling up the DagBag from /opt/airflow/dags/etl_salaries.py
[2025-08-17T20:36:10.246+0000] {processor.py:840} INFO - DAG(s) 'etl_salaries' retrieved from /opt/airflow/dags/etl_salaries.py
[2025-08-17T20:36:10.281+0000] {logging_mixin.py:188} INFO - [2025-08-17T20:36:10.281+0000] {dag.py:3096} INFO - Sync 1 DAGs
[2025-08-17T20:36:10.300+0000] {logging_mixin.py:188} INFO - [2025-08-17T20:36:10.300+0000] {dag.py:3954} INFO - Setting next_dagrun for etl_salaries to None, run_after=None
[2025-08-17T20:36:10.337+0000] {processor.py:183} INFO - Processing /opt/airflow/dags/etl_salaries.py took 0.142 seconds
[2025-08-17T20:36:40.603+0000] {processor.py:161} INFO - Started process (PID=286) to work on /opt/airflow/dags/etl_salaries.py
[2025-08-17T20:36:40.605+0000] {processor.py:830} INFO - Processing file /opt/airflow/dags/etl_salaries.py for tasks to queue
[2025-08-17T20:36:40.607+0000] {logging_mixin.py:188} INFO - [2025-08-17T20:36:40.607+0000] {dagbag.py:545} INFO - Filling up the DagBag from /opt/airflow/dags/etl_salaries.py
[2025-08-17T20:36:40.636+0000] {processor.py:840} INFO - DAG(s) 'etl_salaries' retrieved from /opt/airflow/dags/etl_salaries.py
[2025-08-17T20:36:40.669+0000] {logging_mixin.py:188} INFO - [2025-08-17T20:36:40.669+0000] {dag.py:3096} INFO - Sync 1 DAGs
[2025-08-17T20:36:40.687+0000] {logging_mixin.py:188} INFO - [2025-08-17T20:36:40.687+0000] {dag.py:3954} INFO - Setting next_dagrun for etl_salaries to None, run_after=None
[2025-08-17T20:36:40.715+0000] {processor.py:183} INFO - Processing /opt/airflow/dags/etl_salaries.py took 0.121 seconds
[2025-08-17T20:37:11.056+0000] {processor.py:161} INFO - Started process (PID=291) to work on /opt/airflow/dags/etl_salaries.py
[2025-08-17T20:37:11.058+0000] {processor.py:830} INFO - Processing file /opt/airflow/dags/etl_salaries.py for tasks to queue
[2025-08-17T20:37:11.061+0000] {logging_mixin.py:188} INFO - [2025-08-17T20:37:11.061+0000] {dagbag.py:545} INFO - Filling up the DagBag from /opt/airflow/dags/etl_salaries.py
[2025-08-17T20:37:11.096+0000] {processor.py:840} INFO - DAG(s) 'etl_salaries' retrieved from /opt/airflow/dags/etl_salaries.py
[2025-08-17T20:37:11.136+0000] {logging_mixin.py:188} INFO - [2025-08-17T20:37:11.136+0000] {dag.py:3096} INFO - Sync 1 DAGs
[2025-08-17T20:37:11.154+0000] {logging_mixin.py:188} INFO - [2025-08-17T20:37:11.153+0000] {dag.py:3954} INFO - Setting next_dagrun for etl_salaries to None, run_after=None
[2025-08-17T20:37:11.192+0000] {processor.py:183} INFO - Processing /opt/airflow/dags/etl_salaries.py took 0.159 seconds
[2025-08-17T20:37:41.530+0000] {processor.py:161} INFO - Started process (PID=296) to work on /opt/airflow/dags/etl_salaries.py
[2025-08-17T20:37:41.532+0000] {processor.py:830} INFO - Processing file /opt/airflow/dags/etl_salaries.py for tasks to queue
[2025-08-17T20:37:41.536+0000] {logging_mixin.py:188} INFO - [2025-08-17T20:37:41.535+0000] {dagbag.py:545} INFO - Filling up the DagBag from /opt/airflow/dags/etl_salaries.py
[2025-08-17T20:37:41.590+0000] {processor.py:840} INFO - DAG(s) 'etl_salaries' retrieved from /opt/airflow/dags/etl_salaries.py
[2025-08-17T20:37:41.634+0000] {logging_mixin.py:188} INFO - [2025-08-17T20:37:41.634+0000] {dag.py:3096} INFO - Sync 1 DAGs
[2025-08-17T20:37:41.651+0000] {logging_mixin.py:188} INFO - [2025-08-17T20:37:41.651+0000] {dag.py:3954} INFO - Setting next_dagrun for etl_salaries to None, run_after=None
[2025-08-17T20:37:41.679+0000] {processor.py:183} INFO - Processing /opt/airflow/dags/etl_salaries.py took 0.162 seconds
[2025-08-17T20:38:11.981+0000] {processor.py:161} INFO - Started process (PID=301) to work on /opt/airflow/dags/etl_salaries.py
[2025-08-17T20:38:11.983+0000] {processor.py:830} INFO - Processing file /opt/airflow/dags/etl_salaries.py for tasks to queue
[2025-08-17T20:38:11.986+0000] {logging_mixin.py:188} INFO - [2025-08-17T20:38:11.986+0000] {dagbag.py:545} INFO - Filling up the DagBag from /opt/airflow/dags/etl_salaries.py
[2025-08-17T20:38:12.013+0000] {processor.py:840} INFO - DAG(s) 'etl_salaries' retrieved from /opt/airflow/dags/etl_salaries.py
[2025-08-17T20:38:12.051+0000] {logging_mixin.py:188} INFO - [2025-08-17T20:38:12.050+0000] {dag.py:3096} INFO - Sync 1 DAGs
[2025-08-17T20:38:12.070+0000] {logging_mixin.py:188} INFO - [2025-08-17T20:38:12.069+0000] {dag.py:3954} INFO - Setting next_dagrun for etl_salaries to None, run_after=None
[2025-08-17T20:38:12.099+0000] {processor.py:183} INFO - Processing /opt/airflow/dags/etl_salaries.py took 0.129 seconds
[2025-08-17T20:38:42.592+0000] {processor.py:161} INFO - Started process (PID=306) to work on /opt/airflow/dags/etl_salaries.py
[2025-08-17T20:38:42.594+0000] {processor.py:830} INFO - Processing file /opt/airflow/dags/etl_salaries.py for tasks to queue
[2025-08-17T20:38:42.596+0000] {logging_mixin.py:188} INFO - [2025-08-17T20:38:42.596+0000] {dagbag.py:545} INFO - Filling up the DagBag from /opt/airflow/dags/etl_salaries.py
[2025-08-17T20:38:42.629+0000] {processor.py:840} INFO - DAG(s) 'etl_salaries' retrieved from /opt/airflow/dags/etl_salaries.py
[2025-08-17T20:38:42.667+0000] {logging_mixin.py:188} INFO - [2025-08-17T20:38:42.667+0000] {dag.py:3096} INFO - Sync 1 DAGs
[2025-08-17T20:38:42.687+0000] {logging_mixin.py:188} INFO - [2025-08-17T20:38:42.686+0000] {dag.py:3954} INFO - Setting next_dagrun for etl_salaries to None, run_after=None
[2025-08-17T20:38:42.714+0000] {processor.py:183} INFO - Processing /opt/airflow/dags/etl_salaries.py took 0.133 seconds
[2025-08-17T20:39:13.026+0000] {processor.py:161} INFO - Started process (PID=311) to work on /opt/airflow/dags/etl_salaries.py
[2025-08-17T20:39:13.028+0000] {processor.py:830} INFO - Processing file /opt/airflow/dags/etl_salaries.py for tasks to queue
[2025-08-17T20:39:13.033+0000] {logging_mixin.py:188} INFO - [2025-08-17T20:39:13.032+0000] {dagbag.py:545} INFO - Filling up the DagBag from /opt/airflow/dags/etl_salaries.py
[2025-08-17T20:39:13.079+0000] {processor.py:840} INFO - DAG(s) 'etl_salaries' retrieved from /opt/airflow/dags/etl_salaries.py
[2025-08-17T20:39:13.125+0000] {logging_mixin.py:188} INFO - [2025-08-17T20:39:13.124+0000] {dag.py:3096} INFO - Sync 1 DAGs
[2025-08-17T20:39:13.152+0000] {logging_mixin.py:188} INFO - [2025-08-17T20:39:13.152+0000] {dag.py:3954} INFO - Setting next_dagrun for etl_salaries to None, run_after=None
[2025-08-17T20:39:13.188+0000] {processor.py:183} INFO - Processing /opt/airflow/dags/etl_salaries.py took 0.181 seconds
[2025-08-17T20:39:43.550+0000] {processor.py:161} INFO - Started process (PID=316) to work on /opt/airflow/dags/etl_salaries.py
[2025-08-17T20:39:43.552+0000] {processor.py:830} INFO - Processing file /opt/airflow/dags/etl_salaries.py for tasks to queue
[2025-08-17T20:39:43.554+0000] {logging_mixin.py:188} INFO - [2025-08-17T20:39:43.554+0000] {dagbag.py:545} INFO - Filling up the DagBag from /opt/airflow/dags/etl_salaries.py
[2025-08-17T20:39:43.595+0000] {processor.py:840} INFO - DAG(s) 'etl_salaries' retrieved from /opt/airflow/dags/etl_salaries.py
[2025-08-17T20:39:43.642+0000] {logging_mixin.py:188} INFO - [2025-08-17T20:39:43.642+0000] {dag.py:3096} INFO - Sync 1 DAGs
[2025-08-17T20:39:43.661+0000] {logging_mixin.py:188} INFO - [2025-08-17T20:39:43.661+0000] {dag.py:3954} INFO - Setting next_dagrun for etl_salaries to None, run_after=None
[2025-08-17T20:39:43.691+0000] {processor.py:183} INFO - Processing /opt/airflow/dags/etl_salaries.py took 0.157 seconds
[2025-08-17T20:40:14.081+0000] {processor.py:161} INFO - Started process (PID=321) to work on /opt/airflow/dags/etl_salaries.py
[2025-08-17T20:40:14.082+0000] {processor.py:830} INFO - Processing file /opt/airflow/dags/etl_salaries.py for tasks to queue
[2025-08-17T20:40:14.086+0000] {logging_mixin.py:188} INFO - [2025-08-17T20:40:14.085+0000] {dagbag.py:545} INFO - Filling up the DagBag from /opt/airflow/dags/etl_salaries.py
[2025-08-17T20:40:14.119+0000] {processor.py:840} INFO - DAG(s) 'etl_salaries' retrieved from /opt/airflow/dags/etl_salaries.py
[2025-08-17T20:40:14.151+0000] {logging_mixin.py:188} INFO - [2025-08-17T20:40:14.151+0000] {dag.py:3096} INFO - Sync 1 DAGs
[2025-08-17T20:40:14.168+0000] {logging_mixin.py:188} INFO - [2025-08-17T20:40:14.167+0000] {dag.py:3954} INFO - Setting next_dagrun for etl_salaries to None, run_after=None
[2025-08-17T20:40:14.194+0000] {processor.py:183} INFO - Processing /opt/airflow/dags/etl_salaries.py took 0.128 seconds
[2025-08-17T20:40:44.499+0000] {processor.py:161} INFO - Started process (PID=326) to work on /opt/airflow/dags/etl_salaries.py
[2025-08-17T20:40:44.500+0000] {processor.py:830} INFO - Processing file /opt/airflow/dags/etl_salaries.py for tasks to queue
[2025-08-17T20:40:44.503+0000] {logging_mixin.py:188} INFO - [2025-08-17T20:40:44.503+0000] {dagbag.py:545} INFO - Filling up the DagBag from /opt/airflow/dags/etl_salaries.py
[2025-08-17T20:40:44.539+0000] {processor.py:840} INFO - DAG(s) 'etl_salaries' retrieved from /opt/airflow/dags/etl_salaries.py
[2025-08-17T20:40:44.572+0000] {logging_mixin.py:188} INFO - [2025-08-17T20:40:44.572+0000] {dag.py:3096} INFO - Sync 1 DAGs
[2025-08-17T20:40:44.589+0000] {logging_mixin.py:188} INFO - [2025-08-17T20:40:44.588+0000] {dag.py:3954} INFO - Setting next_dagrun for etl_salaries to None, run_after=None
[2025-08-17T20:40:44.617+0000] {processor.py:183} INFO - Processing /opt/airflow/dags/etl_salaries.py took 0.128 seconds
[2025-08-17T20:41:14.969+0000] {processor.py:161} INFO - Started process (PID=331) to work on /opt/airflow/dags/etl_salaries.py
[2025-08-17T20:41:14.970+0000] {processor.py:830} INFO - Processing file /opt/airflow/dags/etl_salaries.py for tasks to queue
[2025-08-17T20:41:14.973+0000] {logging_mixin.py:188} INFO - [2025-08-17T20:41:14.973+0000] {dagbag.py:545} INFO - Filling up the DagBag from /opt/airflow/dags/etl_salaries.py
[2025-08-17T20:41:15.013+0000] {processor.py:840} INFO - DAG(s) 'etl_salaries' retrieved from /opt/airflow/dags/etl_salaries.py
[2025-08-17T20:41:15.078+0000] {logging_mixin.py:188} INFO - [2025-08-17T20:41:15.077+0000] {dag.py:3096} INFO - Sync 1 DAGs
[2025-08-17T20:41:15.109+0000] {logging_mixin.py:188} INFO - [2025-08-17T20:41:15.109+0000] {dag.py:3954} INFO - Setting next_dagrun for etl_salaries to None, run_after=None
[2025-08-17T20:41:15.143+0000] {processor.py:183} INFO - Processing /opt/airflow/dags/etl_salaries.py took 0.184 seconds
[2025-08-17T20:41:45.403+0000] {processor.py:161} INFO - Started process (PID=336) to work on /opt/airflow/dags/etl_salaries.py
[2025-08-17T20:41:45.406+0000] {processor.py:830} INFO - Processing file /opt/airflow/dags/etl_salaries.py for tasks to queue
[2025-08-17T20:41:45.409+0000] {logging_mixin.py:188} INFO - [2025-08-17T20:41:45.409+0000] {dagbag.py:545} INFO - Filling up the DagBag from /opt/airflow/dags/etl_salaries.py
[2025-08-17T20:41:45.457+0000] {processor.py:840} INFO - DAG(s) 'etl_salaries' retrieved from /opt/airflow/dags/etl_salaries.py
[2025-08-17T20:41:45.513+0000] {logging_mixin.py:188} INFO - [2025-08-17T20:41:45.512+0000] {dag.py:3096} INFO - Sync 1 DAGs
[2025-08-17T20:41:45.529+0000] {logging_mixin.py:188} INFO - [2025-08-17T20:41:45.529+0000] {dag.py:3954} INFO - Setting next_dagrun for etl_salaries to None, run_after=None
[2025-08-17T20:41:45.556+0000] {processor.py:183} INFO - Processing /opt/airflow/dags/etl_salaries.py took 0.170 seconds
[2025-08-17T20:42:15.955+0000] {processor.py:161} INFO - Started process (PID=341) to work on /opt/airflow/dags/etl_salaries.py
[2025-08-17T20:42:15.957+0000] {processor.py:830} INFO - Processing file /opt/airflow/dags/etl_salaries.py for tasks to queue
[2025-08-17T20:42:15.960+0000] {logging_mixin.py:188} INFO - [2025-08-17T20:42:15.960+0000] {dagbag.py:545} INFO - Filling up the DagBag from /opt/airflow/dags/etl_salaries.py
[2025-08-17T20:42:15.991+0000] {processor.py:840} INFO - DAG(s) 'etl_salaries' retrieved from /opt/airflow/dags/etl_salaries.py
[2025-08-17T20:42:16.025+0000] {logging_mixin.py:188} INFO - [2025-08-17T20:42:16.025+0000] {dag.py:3096} INFO - Sync 1 DAGs
[2025-08-17T20:42:16.042+0000] {logging_mixin.py:188} INFO - [2025-08-17T20:42:16.041+0000] {dag.py:3954} INFO - Setting next_dagrun for etl_salaries to None, run_after=None
[2025-08-17T20:42:16.068+0000] {processor.py:183} INFO - Processing /opt/airflow/dags/etl_salaries.py took 0.128 seconds
[2025-08-17T20:42:46.323+0000] {processor.py:161} INFO - Started process (PID=346) to work on /opt/airflow/dags/etl_salaries.py
[2025-08-17T20:42:46.324+0000] {processor.py:830} INFO - Processing file /opt/airflow/dags/etl_salaries.py for tasks to queue
[2025-08-17T20:42:46.327+0000] {logging_mixin.py:188} INFO - [2025-08-17T20:42:46.327+0000] {dagbag.py:545} INFO - Filling up the DagBag from /opt/airflow/dags/etl_salaries.py
[2025-08-17T20:42:46.349+0000] {processor.py:840} INFO - DAG(s) 'etl_salaries' retrieved from /opt/airflow/dags/etl_salaries.py
[2025-08-17T20:42:46.386+0000] {logging_mixin.py:188} INFO - [2025-08-17T20:42:46.386+0000] {dag.py:3096} INFO - Sync 1 DAGs
[2025-08-17T20:42:46.403+0000] {logging_mixin.py:188} INFO - [2025-08-17T20:42:46.402+0000] {dag.py:3954} INFO - Setting next_dagrun for etl_salaries to None, run_after=None
[2025-08-17T20:42:46.429+0000] {processor.py:183} INFO - Processing /opt/airflow/dags/etl_salaries.py took 0.115 seconds
[2025-08-17T20:43:16.826+0000] {processor.py:161} INFO - Started process (PID=351) to work on /opt/airflow/dags/etl_salaries.py
[2025-08-17T20:43:16.968+0000] {processor.py:830} INFO - Processing file /opt/airflow/dags/etl_salaries.py for tasks to queue
[2025-08-17T20:43:16.972+0000] {logging_mixin.py:188} INFO - [2025-08-17T20:43:16.971+0000] {dagbag.py:545} INFO - Filling up the DagBag from /opt/airflow/dags/etl_salaries.py
[2025-08-17T20:43:17.013+0000] {processor.py:840} INFO - DAG(s) 'etl_salaries' retrieved from /opt/airflow/dags/etl_salaries.py
[2025-08-17T20:43:17.068+0000] {logging_mixin.py:188} INFO - [2025-08-17T20:43:17.068+0000] {dag.py:3096} INFO - Sync 1 DAGs
[2025-08-17T20:43:17.088+0000] {logging_mixin.py:188} INFO - [2025-08-17T20:43:17.087+0000] {dag.py:3954} INFO - Setting next_dagrun for etl_salaries to None, run_after=None
[2025-08-17T20:43:17.176+0000] {processor.py:183} INFO - Processing /opt/airflow/dags/etl_salaries.py took 0.359 seconds
[2025-08-17T20:43:47.775+0000] {processor.py:161} INFO - Started process (PID=356) to work on /opt/airflow/dags/etl_salaries.py
[2025-08-17T20:43:47.778+0000] {processor.py:830} INFO - Processing file /opt/airflow/dags/etl_salaries.py for tasks to queue
[2025-08-17T20:43:47.781+0000] {logging_mixin.py:188} INFO - [2025-08-17T20:43:47.781+0000] {dagbag.py:545} INFO - Filling up the DagBag from /opt/airflow/dags/etl_salaries.py
[2025-08-17T20:43:47.824+0000] {processor.py:840} INFO - DAG(s) 'etl_salaries' retrieved from /opt/airflow/dags/etl_salaries.py
[2025-08-17T20:43:47.877+0000] {logging_mixin.py:188} INFO - [2025-08-17T20:43:47.876+0000] {dag.py:3096} INFO - Sync 1 DAGs
[2025-08-17T20:43:47.893+0000] {logging_mixin.py:188} INFO - [2025-08-17T20:43:47.893+0000] {dag.py:3954} INFO - Setting next_dagrun for etl_salaries to None, run_after=None
[2025-08-17T20:43:47.920+0000] {processor.py:183} INFO - Processing /opt/airflow/dags/etl_salaries.py took 0.164 seconds
[2025-08-17T20:44:18.112+0000] {processor.py:161} INFO - Started process (PID=361) to work on /opt/airflow/dags/etl_salaries.py
[2025-08-17T20:44:18.114+0000] {processor.py:830} INFO - Processing file /opt/airflow/dags/etl_salaries.py for tasks to queue
[2025-08-17T20:44:18.116+0000] {logging_mixin.py:188} INFO - [2025-08-17T20:44:18.116+0000] {dagbag.py:545} INFO - Filling up the DagBag from /opt/airflow/dags/etl_salaries.py
[2025-08-17T20:44:18.144+0000] {processor.py:840} INFO - DAG(s) 'etl_salaries' retrieved from /opt/airflow/dags/etl_salaries.py
[2025-08-17T20:44:18.184+0000] {logging_mixin.py:188} INFO - [2025-08-17T20:44:18.183+0000] {dag.py:3096} INFO - Sync 1 DAGs
[2025-08-17T20:44:18.202+0000] {logging_mixin.py:188} INFO - [2025-08-17T20:44:18.202+0000] {dag.py:3954} INFO - Setting next_dagrun for etl_salaries to None, run_after=None
[2025-08-17T20:44:18.232+0000] {processor.py:183} INFO - Processing /opt/airflow/dags/etl_salaries.py took 0.134 seconds
[2025-08-17T20:44:48.626+0000] {processor.py:161} INFO - Started process (PID=366) to work on /opt/airflow/dags/etl_salaries.py
[2025-08-17T20:44:48.632+0000] {processor.py:830} INFO - Processing file /opt/airflow/dags/etl_salaries.py for tasks to queue
[2025-08-17T20:44:48.641+0000] {logging_mixin.py:188} INFO - [2025-08-17T20:44:48.640+0000] {dagbag.py:545} INFO - Filling up the DagBag from /opt/airflow/dags/etl_salaries.py
[2025-08-17T20:44:48.725+0000] {processor.py:840} INFO - DAG(s) 'etl_salaries' retrieved from /opt/airflow/dags/etl_salaries.py
[2025-08-17T20:44:48.764+0000] {logging_mixin.py:188} INFO - [2025-08-17T20:44:48.764+0000] {dag.py:3096} INFO - Sync 1 DAGs
[2025-08-17T20:44:48.779+0000] {logging_mixin.py:188} INFO - [2025-08-17T20:44:48.779+0000] {dag.py:3954} INFO - Setting next_dagrun for etl_salaries to None, run_after=None
[2025-08-17T20:44:48.805+0000] {processor.py:183} INFO - Processing /opt/airflow/dags/etl_salaries.py took 0.213 seconds
[2025-08-17T20:45:19.101+0000] {processor.py:161} INFO - Started process (PID=371) to work on /opt/airflow/dags/etl_salaries.py
[2025-08-17T20:45:19.103+0000] {processor.py:830} INFO - Processing file /opt/airflow/dags/etl_salaries.py for tasks to queue
[2025-08-17T20:45:19.106+0000] {logging_mixin.py:188} INFO - [2025-08-17T20:45:19.106+0000] {dagbag.py:545} INFO - Filling up the DagBag from /opt/airflow/dags/etl_salaries.py
[2025-08-17T20:45:19.134+0000] {processor.py:840} INFO - DAG(s) 'etl_salaries' retrieved from /opt/airflow/dags/etl_salaries.py
[2025-08-17T20:45:19.174+0000] {logging_mixin.py:188} INFO - [2025-08-17T20:45:19.174+0000] {dag.py:3096} INFO - Sync 1 DAGs
[2025-08-17T20:45:19.196+0000] {logging_mixin.py:188} INFO - [2025-08-17T20:45:19.195+0000] {dag.py:3954} INFO - Setting next_dagrun for etl_salaries to None, run_after=None
[2025-08-17T20:45:19.226+0000] {processor.py:183} INFO - Processing /opt/airflow/dags/etl_salaries.py took 0.138 seconds
[2025-08-17T20:45:49.671+0000] {processor.py:161} INFO - Started process (PID=376) to work on /opt/airflow/dags/etl_salaries.py
[2025-08-17T20:45:49.673+0000] {processor.py:830} INFO - Processing file /opt/airflow/dags/etl_salaries.py for tasks to queue
[2025-08-17T20:45:49.676+0000] {logging_mixin.py:188} INFO - [2025-08-17T20:45:49.676+0000] {dagbag.py:545} INFO - Filling up the DagBag from /opt/airflow/dags/etl_salaries.py
[2025-08-17T20:45:49.725+0000] {processor.py:840} INFO - DAG(s) 'etl_salaries' retrieved from /opt/airflow/dags/etl_salaries.py
[2025-08-17T20:45:49.782+0000] {logging_mixin.py:188} INFO - [2025-08-17T20:45:49.782+0000] {dag.py:3096} INFO - Sync 1 DAGs
[2025-08-17T20:45:49.800+0000] {logging_mixin.py:188} INFO - [2025-08-17T20:45:49.800+0000] {dag.py:3954} INFO - Setting next_dagrun for etl_salaries to None, run_after=None
[2025-08-17T20:45:49.831+0000] {processor.py:183} INFO - Processing /opt/airflow/dags/etl_salaries.py took 0.178 seconds
[2025-08-17T20:46:20.136+0000] {processor.py:161} INFO - Started process (PID=381) to work on /opt/airflow/dags/etl_salaries.py
[2025-08-17T20:46:20.139+0000] {processor.py:830} INFO - Processing file /opt/airflow/dags/etl_salaries.py for tasks to queue
[2025-08-17T20:46:20.142+0000] {logging_mixin.py:188} INFO - [2025-08-17T20:46:20.141+0000] {dagbag.py:545} INFO - Filling up the DagBag from /opt/airflow/dags/etl_salaries.py
[2025-08-17T20:46:20.182+0000] {processor.py:840} INFO - DAG(s) 'etl_salaries' retrieved from /opt/airflow/dags/etl_salaries.py
[2025-08-17T20:46:20.214+0000] {logging_mixin.py:188} INFO - [2025-08-17T20:46:20.214+0000] {dag.py:3096} INFO - Sync 1 DAGs
[2025-08-17T20:46:20.232+0000] {logging_mixin.py:188} INFO - [2025-08-17T20:46:20.232+0000] {dag.py:3954} INFO - Setting next_dagrun for etl_salaries to None, run_after=None
[2025-08-17T20:46:20.275+0000] {processor.py:183} INFO - Processing /opt/airflow/dags/etl_salaries.py took 0.163 seconds
[2025-08-17T20:46:50.644+0000] {processor.py:161} INFO - Started process (PID=386) to work on /opt/airflow/dags/etl_salaries.py
[2025-08-17T20:46:50.646+0000] {processor.py:830} INFO - Processing file /opt/airflow/dags/etl_salaries.py for tasks to queue
[2025-08-17T20:46:50.649+0000] {logging_mixin.py:188} INFO - [2025-08-17T20:46:50.648+0000] {dagbag.py:545} INFO - Filling up the DagBag from /opt/airflow/dags/etl_salaries.py
[2025-08-17T20:46:50.680+0000] {processor.py:840} INFO - DAG(s) 'etl_salaries' retrieved from /opt/airflow/dags/etl_salaries.py
[2025-08-17T20:46:50.726+0000] {logging_mixin.py:188} INFO - [2025-08-17T20:46:50.725+0000] {dag.py:3096} INFO - Sync 1 DAGs
[2025-08-17T20:46:50.741+0000] {logging_mixin.py:188} INFO - [2025-08-17T20:46:50.741+0000] {dag.py:3954} INFO - Setting next_dagrun for etl_salaries to None, run_after=None
[2025-08-17T20:46:50.767+0000] {processor.py:183} INFO - Processing /opt/airflow/dags/etl_salaries.py took 0.136 seconds
[2025-08-17T20:47:21.072+0000] {processor.py:161} INFO - Started process (PID=391) to work on /opt/airflow/dags/etl_salaries.py
[2025-08-17T20:47:21.073+0000] {processor.py:830} INFO - Processing file /opt/airflow/dags/etl_salaries.py for tasks to queue
[2025-08-17T20:47:21.077+0000] {logging_mixin.py:188} INFO - [2025-08-17T20:47:21.076+0000] {dagbag.py:545} INFO - Filling up the DagBag from /opt/airflow/dags/etl_salaries.py
[2025-08-17T20:47:21.101+0000] {processor.py:840} INFO - DAG(s) 'etl_salaries' retrieved from /opt/airflow/dags/etl_salaries.py
[2025-08-17T20:47:21.133+0000] {logging_mixin.py:188} INFO - [2025-08-17T20:47:21.133+0000] {dag.py:3096} INFO - Sync 1 DAGs
[2025-08-17T20:47:21.151+0000] {logging_mixin.py:188} INFO - [2025-08-17T20:47:21.150+0000] {dag.py:3954} INFO - Setting next_dagrun for etl_salaries to None, run_after=None
[2025-08-17T20:47:21.178+0000] {processor.py:183} INFO - Processing /opt/airflow/dags/etl_salaries.py took 0.121 seconds
[2025-08-17T20:47:51.541+0000] {processor.py:161} INFO - Started process (PID=396) to work on /opt/airflow/dags/etl_salaries.py
[2025-08-17T20:47:51.543+0000] {processor.py:830} INFO - Processing file /opt/airflow/dags/etl_salaries.py for tasks to queue
[2025-08-17T20:47:51.546+0000] {logging_mixin.py:188} INFO - [2025-08-17T20:47:51.545+0000] {dagbag.py:545} INFO - Filling up the DagBag from /opt/airflow/dags/etl_salaries.py
[2025-08-17T20:47:51.574+0000] {processor.py:840} INFO - DAG(s) 'etl_salaries' retrieved from /opt/airflow/dags/etl_salaries.py
[2025-08-17T20:47:51.609+0000] {logging_mixin.py:188} INFO - [2025-08-17T20:47:51.609+0000] {dag.py:3096} INFO - Sync 1 DAGs
[2025-08-17T20:47:51.629+0000] {logging_mixin.py:188} INFO - [2025-08-17T20:47:51.629+0000] {dag.py:3954} INFO - Setting next_dagrun for etl_salaries to None, run_after=None
[2025-08-17T20:47:51.656+0000] {processor.py:183} INFO - Processing /opt/airflow/dags/etl_salaries.py took 0.124 seconds
[2025-08-17T20:48:21.943+0000] {processor.py:161} INFO - Started process (PID=401) to work on /opt/airflow/dags/etl_salaries.py
[2025-08-17T20:48:21.944+0000] {processor.py:830} INFO - Processing file /opt/airflow/dags/etl_salaries.py for tasks to queue
[2025-08-17T20:48:21.947+0000] {logging_mixin.py:188} INFO - [2025-08-17T20:48:21.946+0000] {dagbag.py:545} INFO - Filling up the DagBag from /opt/airflow/dags/etl_salaries.py
[2025-08-17T20:48:21.971+0000] {processor.py:840} INFO - DAG(s) 'etl_salaries' retrieved from /opt/airflow/dags/etl_salaries.py
[2025-08-17T20:48:22.012+0000] {logging_mixin.py:188} INFO - [2025-08-17T20:48:22.012+0000] {dag.py:3096} INFO - Sync 1 DAGs
[2025-08-17T20:48:22.028+0000] {logging_mixin.py:188} INFO - [2025-08-17T20:48:22.028+0000] {dag.py:3954} INFO - Setting next_dagrun for etl_salaries to None, run_after=None
[2025-08-17T20:48:22.055+0000] {processor.py:183} INFO - Processing /opt/airflow/dags/etl_salaries.py took 0.123 seconds
[2025-08-17T20:48:52.521+0000] {processor.py:161} INFO - Started process (PID=406) to work on /opt/airflow/dags/etl_salaries.py
[2025-08-17T20:48:52.523+0000] {processor.py:830} INFO - Processing file /opt/airflow/dags/etl_salaries.py for tasks to queue
[2025-08-17T20:48:52.525+0000] {logging_mixin.py:188} INFO - [2025-08-17T20:48:52.525+0000] {dagbag.py:545} INFO - Filling up the DagBag from /opt/airflow/dags/etl_salaries.py
[2025-08-17T20:48:52.550+0000] {processor.py:840} INFO - DAG(s) 'etl_salaries' retrieved from /opt/airflow/dags/etl_salaries.py
[2025-08-17T20:48:52.585+0000] {logging_mixin.py:188} INFO - [2025-08-17T20:48:52.585+0000] {dag.py:3096} INFO - Sync 1 DAGs
[2025-08-17T20:48:52.601+0000] {logging_mixin.py:188} INFO - [2025-08-17T20:48:52.601+0000] {dag.py:3954} INFO - Setting next_dagrun for etl_salaries to None, run_after=None
[2025-08-17T20:48:52.626+0000] {processor.py:183} INFO - Processing /opt/airflow/dags/etl_salaries.py took 0.114 seconds
[2025-08-17T20:49:22.878+0000] {processor.py:161} INFO - Started process (PID=411) to work on /opt/airflow/dags/etl_salaries.py
[2025-08-17T20:49:22.879+0000] {processor.py:830} INFO - Processing file /opt/airflow/dags/etl_salaries.py for tasks to queue
[2025-08-17T20:49:22.882+0000] {logging_mixin.py:188} INFO - [2025-08-17T20:49:22.881+0000] {dagbag.py:545} INFO - Filling up the DagBag from /opt/airflow/dags/etl_salaries.py
[2025-08-17T20:49:22.913+0000] {processor.py:840} INFO - DAG(s) 'etl_salaries' retrieved from /opt/airflow/dags/etl_salaries.py
[2025-08-17T20:49:22.948+0000] {logging_mixin.py:188} INFO - [2025-08-17T20:49:22.948+0000] {dag.py:3096} INFO - Sync 1 DAGs
[2025-08-17T20:49:22.964+0000] {logging_mixin.py:188} INFO - [2025-08-17T20:49:22.964+0000] {dag.py:3954} INFO - Setting next_dagrun for etl_salaries to None, run_after=None
[2025-08-17T20:49:22.991+0000] {processor.py:183} INFO - Processing /opt/airflow/dags/etl_salaries.py took 0.123 seconds
[2025-08-17T20:49:53.365+0000] {processor.py:161} INFO - Started process (PID=416) to work on /opt/airflow/dags/etl_salaries.py
[2025-08-17T20:49:53.367+0000] {processor.py:830} INFO - Processing file /opt/airflow/dags/etl_salaries.py for tasks to queue
[2025-08-17T20:49:53.370+0000] {logging_mixin.py:188} INFO - [2025-08-17T20:49:53.370+0000] {dagbag.py:545} INFO - Filling up the DagBag from /opt/airflow/dags/etl_salaries.py
[2025-08-17T20:49:53.396+0000] {processor.py:840} INFO - DAG(s) 'etl_salaries' retrieved from /opt/airflow/dags/etl_salaries.py
[2025-08-17T20:49:53.431+0000] {logging_mixin.py:188} INFO - [2025-08-17T20:49:53.430+0000] {dag.py:3096} INFO - Sync 1 DAGs
[2025-08-17T20:49:53.447+0000] {logging_mixin.py:188} INFO - [2025-08-17T20:49:53.446+0000] {dag.py:3954} INFO - Setting next_dagrun for etl_salaries to None, run_after=None
[2025-08-17T20:49:53.472+0000] {processor.py:183} INFO - Processing /opt/airflow/dags/etl_salaries.py took 0.117 seconds
[2025-08-17T20:50:23.847+0000] {processor.py:161} INFO - Started process (PID=421) to work on /opt/airflow/dags/etl_salaries.py
[2025-08-17T20:50:23.849+0000] {processor.py:830} INFO - Processing file /opt/airflow/dags/etl_salaries.py for tasks to queue
[2025-08-17T20:50:23.852+0000] {logging_mixin.py:188} INFO - [2025-08-17T20:50:23.851+0000] {dagbag.py:545} INFO - Filling up the DagBag from /opt/airflow/dags/etl_salaries.py
[2025-08-17T20:50:23.882+0000] {processor.py:840} INFO - DAG(s) 'etl_salaries' retrieved from /opt/airflow/dags/etl_salaries.py
[2025-08-17T20:50:23.915+0000] {logging_mixin.py:188} INFO - [2025-08-17T20:50:23.915+0000] {dag.py:3096} INFO - Sync 1 DAGs
[2025-08-17T20:50:23.936+0000] {logging_mixin.py:188} INFO - [2025-08-17T20:50:23.935+0000] {dag.py:3954} INFO - Setting next_dagrun for etl_salaries to None, run_after=None
[2025-08-17T20:50:23.967+0000] {processor.py:183} INFO - Processing /opt/airflow/dags/etl_salaries.py took 0.135 seconds
[2025-08-17T20:50:54.308+0000] {processor.py:161} INFO - Started process (PID=426) to work on /opt/airflow/dags/etl_salaries.py
[2025-08-17T20:50:54.311+0000] {processor.py:830} INFO - Processing file /opt/airflow/dags/etl_salaries.py for tasks to queue
[2025-08-17T20:50:54.315+0000] {logging_mixin.py:188} INFO - [2025-08-17T20:50:54.314+0000] {dagbag.py:545} INFO - Filling up the DagBag from /opt/airflow/dags/etl_salaries.py
[2025-08-17T20:50:54.363+0000] {processor.py:840} INFO - DAG(s) 'etl_salaries' retrieved from /opt/airflow/dags/etl_salaries.py
[2025-08-17T20:50:54.402+0000] {logging_mixin.py:188} INFO - [2025-08-17T20:50:54.401+0000] {dag.py:3096} INFO - Sync 1 DAGs
[2025-08-17T20:50:54.419+0000] {logging_mixin.py:188} INFO - [2025-08-17T20:50:54.419+0000] {dag.py:3954} INFO - Setting next_dagrun for etl_salaries to None, run_after=None
[2025-08-17T20:50:54.447+0000] {processor.py:183} INFO - Processing /opt/airflow/dags/etl_salaries.py took 0.156 seconds
[2025-08-17T20:51:24.874+0000] {processor.py:161} INFO - Started process (PID=431) to work on /opt/airflow/dags/etl_salaries.py
[2025-08-17T20:51:24.880+0000] {processor.py:830} INFO - Processing file /opt/airflow/dags/etl_salaries.py for tasks to queue
[2025-08-17T20:51:24.895+0000] {logging_mixin.py:188} INFO - [2025-08-17T20:51:24.892+0000] {dagbag.py:545} INFO - Filling up the DagBag from /opt/airflow/dags/etl_salaries.py
[2025-08-17T20:51:24.982+0000] {processor.py:840} INFO - DAG(s) 'etl_salaries' retrieved from /opt/airflow/dags/etl_salaries.py
[2025-08-17T20:51:25.103+0000] {logging_mixin.py:188} INFO - [2025-08-17T20:51:25.101+0000] {dag.py:3096} INFO - Sync 1 DAGs
[2025-08-17T20:51:25.162+0000] {logging_mixin.py:188} INFO - [2025-08-17T20:51:25.162+0000] {dag.py:3954} INFO - Setting next_dagrun for etl_salaries to None, run_after=None
[2025-08-17T20:51:25.245+0000] {processor.py:183} INFO - Processing /opt/airflow/dags/etl_salaries.py took 0.416 seconds
[2025-08-17T20:51:55.840+0000] {processor.py:161} INFO - Started process (PID=436) to work on /opt/airflow/dags/etl_salaries.py
[2025-08-17T20:51:55.844+0000] {processor.py:830} INFO - Processing file /opt/airflow/dags/etl_salaries.py for tasks to queue
[2025-08-17T20:51:55.851+0000] {logging_mixin.py:188} INFO - [2025-08-17T20:51:55.850+0000] {dagbag.py:545} INFO - Filling up the DagBag from /opt/airflow/dags/etl_salaries.py
[2025-08-17T20:51:55.933+0000] {processor.py:840} INFO - DAG(s) 'etl_salaries' retrieved from /opt/airflow/dags/etl_salaries.py
[2025-08-17T20:51:56.048+0000] {logging_mixin.py:188} INFO - [2025-08-17T20:51:56.047+0000] {dag.py:3096} INFO - Sync 1 DAGs
[2025-08-17T20:51:56.073+0000] {logging_mixin.py:188} INFO - [2025-08-17T20:51:56.073+0000] {dag.py:3954} INFO - Setting next_dagrun for etl_salaries to None, run_after=None
[2025-08-17T20:51:56.110+0000] {processor.py:183} INFO - Processing /opt/airflow/dags/etl_salaries.py took 0.306 seconds
[2025-08-17T20:52:26.336+0000] {processor.py:161} INFO - Started process (PID=441) to work on /opt/airflow/dags/etl_salaries.py
[2025-08-17T20:52:26.340+0000] {processor.py:830} INFO - Processing file /opt/airflow/dags/etl_salaries.py for tasks to queue
[2025-08-17T20:52:26.350+0000] {logging_mixin.py:188} INFO - [2025-08-17T20:52:26.347+0000] {dagbag.py:545} INFO - Filling up the DagBag from /opt/airflow/dags/etl_salaries.py
[2025-08-17T20:52:26.449+0000] {processor.py:840} INFO - DAG(s) 'etl_salaries' retrieved from /opt/airflow/dags/etl_salaries.py
[2025-08-17T20:52:26.558+0000] {logging_mixin.py:188} INFO - [2025-08-17T20:52:26.557+0000] {dag.py:3096} INFO - Sync 1 DAGs
[2025-08-17T20:52:26.580+0000] {logging_mixin.py:188} INFO - [2025-08-17T20:52:26.580+0000] {dag.py:3954} INFO - Setting next_dagrun for etl_salaries to None, run_after=None
[2025-08-17T20:52:26.616+0000] {processor.py:183} INFO - Processing /opt/airflow/dags/etl_salaries.py took 0.323 seconds
[2025-08-17T20:52:57.167+0000] {processor.py:161} INFO - Started process (PID=446) to work on /opt/airflow/dags/etl_salaries.py
[2025-08-17T20:52:57.172+0000] {processor.py:830} INFO - Processing file /opt/airflow/dags/etl_salaries.py for tasks to queue
[2025-08-17T20:52:57.181+0000] {logging_mixin.py:188} INFO - [2025-08-17T20:52:57.179+0000] {dagbag.py:545} INFO - Filling up the DagBag from /opt/airflow/dags/etl_salaries.py
[2025-08-17T20:52:57.263+0000] {processor.py:840} INFO - DAG(s) 'etl_salaries' retrieved from /opt/airflow/dags/etl_salaries.py
[2025-08-17T20:52:57.385+0000] {logging_mixin.py:188} INFO - [2025-08-17T20:52:57.384+0000] {dag.py:3096} INFO - Sync 1 DAGs
[2025-08-17T20:52:57.443+0000] {logging_mixin.py:188} INFO - [2025-08-17T20:52:57.443+0000] {dag.py:3954} INFO - Setting next_dagrun for etl_salaries to None, run_after=None
[2025-08-17T20:52:57.530+0000] {processor.py:183} INFO - Processing /opt/airflow/dags/etl_salaries.py took 0.399 seconds
[2025-08-17T20:53:28.117+0000] {processor.py:161} INFO - Started process (PID=451) to work on /opt/airflow/dags/etl_salaries.py
[2025-08-17T20:53:28.123+0000] {processor.py:830} INFO - Processing file /opt/airflow/dags/etl_salaries.py for tasks to queue
[2025-08-17T20:53:28.139+0000] {logging_mixin.py:188} INFO - [2025-08-17T20:53:28.138+0000] {dagbag.py:545} INFO - Filling up the DagBag from /opt/airflow/dags/etl_salaries.py
[2025-08-17T20:53:28.251+0000] {processor.py:840} INFO - DAG(s) 'etl_salaries' retrieved from /opt/airflow/dags/etl_salaries.py
[2025-08-17T20:53:28.385+0000] {logging_mixin.py:188} INFO - [2025-08-17T20:53:28.384+0000] {dag.py:3096} INFO - Sync 1 DAGs
[2025-08-17T20:53:28.449+0000] {logging_mixin.py:188} INFO - [2025-08-17T20:53:28.448+0000] {dag.py:3954} INFO - Setting next_dagrun for etl_salaries to None, run_after=None
[2025-08-17T20:53:28.544+0000] {processor.py:183} INFO - Processing /opt/airflow/dags/etl_salaries.py took 0.473 seconds
[2025-08-17T20:53:59.189+0000] {processor.py:161} INFO - Started process (PID=456) to work on /opt/airflow/dags/etl_salaries.py
[2025-08-17T20:53:59.193+0000] {processor.py:830} INFO - Processing file /opt/airflow/dags/etl_salaries.py for tasks to queue
[2025-08-17T20:53:59.201+0000] {logging_mixin.py:188} INFO - [2025-08-17T20:53:59.199+0000] {dagbag.py:545} INFO - Filling up the DagBag from /opt/airflow/dags/etl_salaries.py
[2025-08-17T20:53:59.284+0000] {processor.py:840} INFO - DAG(s) 'etl_salaries' retrieved from /opt/airflow/dags/etl_salaries.py
[2025-08-17T20:53:59.400+0000] {logging_mixin.py:188} INFO - [2025-08-17T20:53:59.399+0000] {dag.py:3096} INFO - Sync 1 DAGs
[2025-08-17T20:53:59.461+0000] {logging_mixin.py:188} INFO - [2025-08-17T20:53:59.460+0000] {dag.py:3954} INFO - Setting next_dagrun for etl_salaries to None, run_after=None
[2025-08-17T20:53:59.542+0000] {processor.py:183} INFO - Processing /opt/airflow/dags/etl_salaries.py took 0.385 seconds
[2025-08-17T20:54:30.109+0000] {processor.py:161} INFO - Started process (PID=461) to work on /opt/airflow/dags/etl_salaries.py
[2025-08-17T20:54:30.111+0000] {processor.py:830} INFO - Processing file /opt/airflow/dags/etl_salaries.py for tasks to queue
[2025-08-17T20:54:30.115+0000] {logging_mixin.py:188} INFO - [2025-08-17T20:54:30.114+0000] {dagbag.py:545} INFO - Filling up the DagBag from /opt/airflow/dags/etl_salaries.py
[2025-08-17T20:54:30.145+0000] {processor.py:840} INFO - DAG(s) 'etl_salaries' retrieved from /opt/airflow/dags/etl_salaries.py
[2025-08-17T20:54:30.194+0000] {logging_mixin.py:188} INFO - [2025-08-17T20:54:30.194+0000] {dag.py:3096} INFO - Sync 1 DAGs
[2025-08-17T20:54:30.225+0000] {logging_mixin.py:188} INFO - [2025-08-17T20:54:30.224+0000] {dag.py:3954} INFO - Setting next_dagrun for etl_salaries to None, run_after=None
[2025-08-17T20:54:30.268+0000] {processor.py:183} INFO - Processing /opt/airflow/dags/etl_salaries.py took 0.183 seconds
[2025-08-17T20:55:00.571+0000] {processor.py:161} INFO - Started process (PID=466) to work on /opt/airflow/dags/etl_salaries.py
[2025-08-17T20:55:00.575+0000] {processor.py:830} INFO - Processing file /opt/airflow/dags/etl_salaries.py for tasks to queue
[2025-08-17T20:55:00.586+0000] {logging_mixin.py:188} INFO - [2025-08-17T20:55:00.584+0000] {dagbag.py:545} INFO - Filling up the DagBag from /opt/airflow/dags/etl_salaries.py
[2025-08-17T20:55:00.679+0000] {processor.py:840} INFO - DAG(s) 'etl_salaries' retrieved from /opt/airflow/dags/etl_salaries.py
[2025-08-17T20:55:00.803+0000] {logging_mixin.py:188} INFO - [2025-08-17T20:55:00.802+0000] {dag.py:3096} INFO - Sync 1 DAGs
[2025-08-17T20:55:00.862+0000] {logging_mixin.py:188} INFO - [2025-08-17T20:55:00.862+0000] {dag.py:3954} INFO - Setting next_dagrun for etl_salaries to None, run_after=None
[2025-08-17T20:55:00.948+0000] {processor.py:183} INFO - Processing /opt/airflow/dags/etl_salaries.py took 0.409 seconds
[2025-08-17T20:55:31.263+0000] {processor.py:161} INFO - Started process (PID=471) to work on /opt/airflow/dags/etl_salaries.py
[2025-08-17T20:55:31.268+0000] {processor.py:830} INFO - Processing file /opt/airflow/dags/etl_salaries.py for tasks to queue
[2025-08-17T20:55:31.278+0000] {logging_mixin.py:188} INFO - [2025-08-17T20:55:31.277+0000] {dagbag.py:545} INFO - Filling up the DagBag from /opt/airflow/dags/etl_salaries.py
[2025-08-17T20:55:31.381+0000] {processor.py:840} INFO - DAG(s) 'etl_salaries' retrieved from /opt/airflow/dags/etl_salaries.py
[2025-08-17T20:55:31.559+0000] {logging_mixin.py:188} INFO - [2025-08-17T20:55:31.558+0000] {dag.py:3096} INFO - Sync 1 DAGs
[2025-08-17T20:55:31.646+0000] {logging_mixin.py:188} INFO - [2025-08-17T20:55:31.646+0000] {dag.py:3954} INFO - Setting next_dagrun for etl_salaries to None, run_after=None
[2025-08-17T20:55:31.684+0000] {processor.py:183} INFO - Processing /opt/airflow/dags/etl_salaries.py took 0.452 seconds
[2025-08-17T20:56:01.934+0000] {processor.py:161} INFO - Started process (PID=476) to work on /opt/airflow/dags/etl_salaries.py
[2025-08-17T20:56:01.939+0000] {processor.py:830} INFO - Processing file /opt/airflow/dags/etl_salaries.py for tasks to queue
[2025-08-17T20:56:01.950+0000] {logging_mixin.py:188} INFO - [2025-08-17T20:56:01.949+0000] {dagbag.py:545} INFO - Filling up the DagBag from /opt/airflow/dags/etl_salaries.py
[2025-08-17T20:56:02.038+0000] {processor.py:840} INFO - DAG(s) 'etl_salaries' retrieved from /opt/airflow/dags/etl_salaries.py
[2025-08-17T20:56:02.165+0000] {logging_mixin.py:188} INFO - [2025-08-17T20:56:02.164+0000] {dag.py:3096} INFO - Sync 1 DAGs
[2025-08-17T20:56:02.236+0000] {logging_mixin.py:188} INFO - [2025-08-17T20:56:02.235+0000] {dag.py:3954} INFO - Setting next_dagrun for etl_salaries to None, run_after=None
[2025-08-17T20:56:02.330+0000] {processor.py:183} INFO - Processing /opt/airflow/dags/etl_salaries.py took 0.429 seconds
[2025-08-17T20:56:32.555+0000] {processor.py:161} INFO - Started process (PID=481) to work on /opt/airflow/dags/etl_salaries.py
[2025-08-17T20:56:32.557+0000] {processor.py:830} INFO - Processing file /opt/airflow/dags/etl_salaries.py for tasks to queue
[2025-08-17T20:56:32.559+0000] {logging_mixin.py:188} INFO - [2025-08-17T20:56:32.559+0000] {dagbag.py:545} INFO - Filling up the DagBag from /opt/airflow/dags/etl_salaries.py
[2025-08-17T20:56:32.589+0000] {processor.py:840} INFO - DAG(s) 'etl_salaries' retrieved from /opt/airflow/dags/etl_salaries.py
[2025-08-17T20:56:32.627+0000] {logging_mixin.py:188} INFO - [2025-08-17T20:56:32.627+0000] {dag.py:3096} INFO - Sync 1 DAGs
[2025-08-17T20:56:32.649+0000] {logging_mixin.py:188} INFO - [2025-08-17T20:56:32.649+0000] {dag.py:3954} INFO - Setting next_dagrun for etl_salaries to None, run_after=None
[2025-08-17T20:56:32.683+0000] {processor.py:183} INFO - Processing /opt/airflow/dags/etl_salaries.py took 0.138 seconds
[2025-08-17T20:57:02.928+0000] {processor.py:161} INFO - Started process (PID=486) to work on /opt/airflow/dags/etl_salaries.py
[2025-08-17T20:57:02.930+0000] {processor.py:830} INFO - Processing file /opt/airflow/dags/etl_salaries.py for tasks to queue
[2025-08-17T20:57:02.933+0000] {logging_mixin.py:188} INFO - [2025-08-17T20:57:02.932+0000] {dagbag.py:545} INFO - Filling up the DagBag from /opt/airflow/dags/etl_salaries.py
[2025-08-17T20:57:02.965+0000] {processor.py:840} INFO - DAG(s) 'etl_salaries' retrieved from /opt/airflow/dags/etl_salaries.py
[2025-08-17T20:57:03.004+0000] {logging_mixin.py:188} INFO - [2025-08-17T20:57:03.004+0000] {dag.py:3096} INFO - Sync 1 DAGs
[2025-08-17T20:57:03.021+0000] {logging_mixin.py:188} INFO - [2025-08-17T20:57:03.020+0000] {dag.py:3954} INFO - Setting next_dagrun for etl_salaries to None, run_after=None
[2025-08-17T20:57:03.047+0000] {processor.py:183} INFO - Processing /opt/airflow/dags/etl_salaries.py took 0.127 seconds
[2025-08-17T20:57:33.499+0000] {processor.py:161} INFO - Started process (PID=491) to work on /opt/airflow/dags/etl_salaries.py
[2025-08-17T20:57:33.501+0000] {processor.py:830} INFO - Processing file /opt/airflow/dags/etl_salaries.py for tasks to queue
[2025-08-17T20:57:33.504+0000] {logging_mixin.py:188} INFO - [2025-08-17T20:57:33.504+0000] {dagbag.py:545} INFO - Filling up the DagBag from /opt/airflow/dags/etl_salaries.py
[2025-08-17T20:57:33.540+0000] {processor.py:840} INFO - DAG(s) 'etl_salaries' retrieved from /opt/airflow/dags/etl_salaries.py
[2025-08-17T20:57:33.585+0000] {logging_mixin.py:188} INFO - [2025-08-17T20:57:33.584+0000] {dag.py:3096} INFO - Sync 1 DAGs
[2025-08-17T20:57:33.603+0000] {logging_mixin.py:188} INFO - [2025-08-17T20:57:33.603+0000] {dag.py:3954} INFO - Setting next_dagrun for etl_salaries to None, run_after=None
[2025-08-17T20:57:33.630+0000] {processor.py:183} INFO - Processing /opt/airflow/dags/etl_salaries.py took 0.145 seconds
[2025-08-17T20:58:04.003+0000] {processor.py:161} INFO - Started process (PID=496) to work on /opt/airflow/dags/etl_salaries.py
[2025-08-17T20:58:04.008+0000] {processor.py:830} INFO - Processing file /opt/airflow/dags/etl_salaries.py for tasks to queue
[2025-08-17T20:58:04.029+0000] {logging_mixin.py:188} INFO - [2025-08-17T20:58:04.027+0000] {dagbag.py:545} INFO - Filling up the DagBag from /opt/airflow/dags/etl_salaries.py
[2025-08-17T20:58:04.104+0000] {processor.py:840} INFO - DAG(s) 'etl_salaries' retrieved from /opt/airflow/dags/etl_salaries.py
[2025-08-17T20:58:04.222+0000] {logging_mixin.py:188} INFO - [2025-08-17T20:58:04.221+0000] {dag.py:3096} INFO - Sync 1 DAGs
[2025-08-17T20:58:04.282+0000] {logging_mixin.py:188} INFO - [2025-08-17T20:58:04.281+0000] {dag.py:3954} INFO - Setting next_dagrun for etl_salaries to None, run_after=None
[2025-08-17T20:58:04.376+0000] {processor.py:183} INFO - Processing /opt/airflow/dags/etl_salaries.py took 0.420 seconds
[2025-08-17T20:58:35.069+0000] {processor.py:161} INFO - Started process (PID=501) to work on /opt/airflow/dags/etl_salaries.py
[2025-08-17T20:58:35.073+0000] {processor.py:830} INFO - Processing file /opt/airflow/dags/etl_salaries.py for tasks to queue
[2025-08-17T20:58:35.082+0000] {logging_mixin.py:188} INFO - [2025-08-17T20:58:35.081+0000] {dagbag.py:545} INFO - Filling up the DagBag from /opt/airflow/dags/etl_salaries.py
[2025-08-17T20:58:35.176+0000] {processor.py:840} INFO - DAG(s) 'etl_salaries' retrieved from /opt/airflow/dags/etl_salaries.py
[2025-08-17T20:58:35.293+0000] {logging_mixin.py:188} INFO - [2025-08-17T20:58:35.292+0000] {dag.py:3096} INFO - Sync 1 DAGs
[2025-08-17T20:58:35.352+0000] {logging_mixin.py:188} INFO - [2025-08-17T20:58:35.349+0000] {dag.py:3954} INFO - Setting next_dagrun for etl_salaries to None, run_after=None
[2025-08-17T20:58:35.432+0000] {processor.py:183} INFO - Processing /opt/airflow/dags/etl_salaries.py took 0.393 seconds
[2025-08-17T20:59:05.940+0000] {processor.py:161} INFO - Started process (PID=506) to work on /opt/airflow/dags/etl_salaries.py
[2025-08-17T20:59:05.943+0000] {processor.py:830} INFO - Processing file /opt/airflow/dags/etl_salaries.py for tasks to queue
[2025-08-17T20:59:05.949+0000] {logging_mixin.py:188} INFO - [2025-08-17T20:59:05.948+0000] {dagbag.py:545} INFO - Filling up the DagBag from /opt/airflow/dags/etl_salaries.py
[2025-08-17T20:59:05.998+0000] {processor.py:840} INFO - DAG(s) 'etl_salaries' retrieved from /opt/airflow/dags/etl_salaries.py
[2025-08-17T20:59:06.067+0000] {logging_mixin.py:188} INFO - [2025-08-17T20:59:06.066+0000] {dag.py:3096} INFO - Sync 1 DAGs
[2025-08-17T20:59:06.098+0000] {logging_mixin.py:188} INFO - [2025-08-17T20:59:06.097+0000] {dag.py:3954} INFO - Setting next_dagrun for etl_salaries to None, run_after=None
[2025-08-17T20:59:06.142+0000] {processor.py:183} INFO - Processing /opt/airflow/dags/etl_salaries.py took 0.224 seconds
[2025-08-17T20:59:36.326+0000] {processor.py:161} INFO - Started process (PID=511) to work on /opt/airflow/dags/etl_salaries.py
[2025-08-17T20:59:36.327+0000] {processor.py:830} INFO - Processing file /opt/airflow/dags/etl_salaries.py for tasks to queue
[2025-08-17T20:59:36.330+0000] {logging_mixin.py:188} INFO - [2025-08-17T20:59:36.330+0000] {dagbag.py:545} INFO - Filling up the DagBag from /opt/airflow/dags/etl_salaries.py
[2025-08-17T20:59:36.375+0000] {processor.py:840} INFO - DAG(s) 'etl_salaries' retrieved from /opt/airflow/dags/etl_salaries.py
[2025-08-17T20:59:36.424+0000] {logging_mixin.py:188} INFO - [2025-08-17T20:59:36.423+0000] {dag.py:3096} INFO - Sync 1 DAGs
[2025-08-17T20:59:36.471+0000] {logging_mixin.py:188} INFO - [2025-08-17T20:59:36.470+0000] {dag.py:3954} INFO - Setting next_dagrun for etl_salaries to None, run_after=None
[2025-08-17T20:59:36.508+0000] {processor.py:183} INFO - Processing /opt/airflow/dags/etl_salaries.py took 0.195 seconds
[2025-08-17T21:00:07.004+0000] {processor.py:161} INFO - Started process (PID=516) to work on /opt/airflow/dags/etl_salaries.py
[2025-08-17T21:00:07.008+0000] {processor.py:830} INFO - Processing file /opt/airflow/dags/etl_salaries.py for tasks to queue
[2025-08-17T21:00:07.015+0000] {logging_mixin.py:188} INFO - [2025-08-17T21:00:07.014+0000] {dagbag.py:545} INFO - Filling up the DagBag from /opt/airflow/dags/etl_salaries.py
[2025-08-17T21:00:07.077+0000] {processor.py:840} INFO - DAG(s) 'etl_salaries' retrieved from /opt/airflow/dags/etl_salaries.py
[2025-08-17T21:00:07.140+0000] {logging_mixin.py:188} INFO - [2025-08-17T21:00:07.140+0000] {dag.py:3096} INFO - Sync 1 DAGs
[2025-08-17T21:00:07.175+0000] {logging_mixin.py:188} INFO - [2025-08-17T21:00:07.175+0000] {dag.py:3954} INFO - Setting next_dagrun for etl_salaries to None, run_after=None
[2025-08-17T21:00:07.223+0000] {processor.py:183} INFO - Processing /opt/airflow/dags/etl_salaries.py took 0.248 seconds
[2025-08-17T21:00:37.562+0000] {processor.py:161} INFO - Started process (PID=521) to work on /opt/airflow/dags/etl_salaries.py
[2025-08-17T21:00:37.565+0000] {processor.py:830} INFO - Processing file /opt/airflow/dags/etl_salaries.py for tasks to queue
[2025-08-17T21:00:37.570+0000] {logging_mixin.py:188} INFO - [2025-08-17T21:00:37.569+0000] {dagbag.py:545} INFO - Filling up the DagBag from /opt/airflow/dags/etl_salaries.py
[2025-08-17T21:00:37.633+0000] {processor.py:840} INFO - DAG(s) 'etl_salaries' retrieved from /opt/airflow/dags/etl_salaries.py
[2025-08-17T21:00:37.727+0000] {logging_mixin.py:188} INFO - [2025-08-17T21:00:37.727+0000] {dag.py:3096} INFO - Sync 1 DAGs
[2025-08-17T21:00:37.767+0000] {logging_mixin.py:188} INFO - [2025-08-17T21:00:37.766+0000] {dag.py:3954} INFO - Setting next_dagrun for etl_salaries to None, run_after=None
[2025-08-17T21:00:37.813+0000] {processor.py:183} INFO - Processing /opt/airflow/dags/etl_salaries.py took 0.275 seconds
[2025-08-17T21:01:08.105+0000] {processor.py:161} INFO - Started process (PID=526) to work on /opt/airflow/dags/etl_salaries.py
[2025-08-17T21:01:08.108+0000] {processor.py:830} INFO - Processing file /opt/airflow/dags/etl_salaries.py for tasks to queue
[2025-08-17T21:01:08.112+0000] {logging_mixin.py:188} INFO - [2025-08-17T21:01:08.111+0000] {dagbag.py:545} INFO - Filling up the DagBag from /opt/airflow/dags/etl_salaries.py
[2025-08-17T21:01:08.151+0000] {processor.py:840} INFO - DAG(s) 'etl_salaries' retrieved from /opt/airflow/dags/etl_salaries.py
[2025-08-17T21:01:08.207+0000] {logging_mixin.py:188} INFO - [2025-08-17T21:01:08.206+0000] {dag.py:3096} INFO - Sync 1 DAGs
[2025-08-17T21:01:08.248+0000] {logging_mixin.py:188} INFO - [2025-08-17T21:01:08.248+0000] {dag.py:3954} INFO - Setting next_dagrun for etl_salaries to None, run_after=None
[2025-08-17T21:01:08.328+0000] {processor.py:183} INFO - Processing /opt/airflow/dags/etl_salaries.py took 0.238 seconds
[2025-08-17T21:01:38.567+0000] {processor.py:161} INFO - Started process (PID=531) to work on /opt/airflow/dags/etl_salaries.py
[2025-08-17T21:01:38.569+0000] {processor.py:830} INFO - Processing file /opt/airflow/dags/etl_salaries.py for tasks to queue
[2025-08-17T21:01:38.572+0000] {logging_mixin.py:188} INFO - [2025-08-17T21:01:38.572+0000] {dagbag.py:545} INFO - Filling up the DagBag from /opt/airflow/dags/etl_salaries.py
[2025-08-17T21:01:38.601+0000] {processor.py:840} INFO - DAG(s) 'etl_salaries' retrieved from /opt/airflow/dags/etl_salaries.py
[2025-08-17T21:01:38.646+0000] {logging_mixin.py:188} INFO - [2025-08-17T21:01:38.645+0000] {dag.py:3096} INFO - Sync 1 DAGs
[2025-08-17T21:01:38.664+0000] {logging_mixin.py:188} INFO - [2025-08-17T21:01:38.664+0000] {dag.py:3954} INFO - Setting next_dagrun for etl_salaries to None, run_after=None
[2025-08-17T21:01:38.698+0000] {processor.py:183} INFO - Processing /opt/airflow/dags/etl_salaries.py took 0.141 seconds
[2025-08-17T21:02:08.871+0000] {processor.py:161} INFO - Started process (PID=536) to work on /opt/airflow/dags/etl_salaries.py
[2025-08-17T21:02:08.872+0000] {processor.py:830} INFO - Processing file /opt/airflow/dags/etl_salaries.py for tasks to queue
[2025-08-17T21:02:08.874+0000] {logging_mixin.py:188} INFO - [2025-08-17T21:02:08.874+0000] {dagbag.py:545} INFO - Filling up the DagBag from /opt/airflow/dags/etl_salaries.py
[2025-08-17T21:02:08.901+0000] {processor.py:840} INFO - DAG(s) 'etl_salaries' retrieved from /opt/airflow/dags/etl_salaries.py
[2025-08-17T21:02:08.935+0000] {logging_mixin.py:188} INFO - [2025-08-17T21:02:08.935+0000] {dag.py:3096} INFO - Sync 1 DAGs
[2025-08-17T21:02:08.951+0000] {logging_mixin.py:188} INFO - [2025-08-17T21:02:08.950+0000] {dag.py:3954} INFO - Setting next_dagrun for etl_salaries to None, run_after=None
[2025-08-17T21:02:08.976+0000] {processor.py:183} INFO - Processing /opt/airflow/dags/etl_salaries.py took 0.114 seconds
[2025-08-17T21:02:39.244+0000] {processor.py:161} INFO - Started process (PID=541) to work on /opt/airflow/dags/etl_salaries.py
[2025-08-17T21:02:39.245+0000] {processor.py:830} INFO - Processing file /opt/airflow/dags/etl_salaries.py for tasks to queue
[2025-08-17T21:02:39.247+0000] {logging_mixin.py:188} INFO - [2025-08-17T21:02:39.247+0000] {dagbag.py:545} INFO - Filling up the DagBag from /opt/airflow/dags/etl_salaries.py
[2025-08-17T21:02:39.279+0000] {processor.py:840} INFO - DAG(s) 'etl_salaries' retrieved from /opt/airflow/dags/etl_salaries.py
[2025-08-17T21:02:39.320+0000] {logging_mixin.py:188} INFO - [2025-08-17T21:02:39.319+0000] {dag.py:3096} INFO - Sync 1 DAGs
[2025-08-17T21:02:39.339+0000] {logging_mixin.py:188} INFO - [2025-08-17T21:02:39.338+0000] {dag.py:3954} INFO - Setting next_dagrun for etl_salaries to None, run_after=None
[2025-08-17T21:02:39.372+0000] {processor.py:183} INFO - Processing /opt/airflow/dags/etl_salaries.py took 0.136 seconds
[2025-08-17T21:03:09.463+0000] {processor.py:161} INFO - Started process (PID=546) to work on /opt/airflow/dags/etl_salaries.py
[2025-08-17T21:03:09.464+0000] {processor.py:830} INFO - Processing file /opt/airflow/dags/etl_salaries.py for tasks to queue
[2025-08-17T21:03:09.468+0000] {logging_mixin.py:188} INFO - [2025-08-17T21:03:09.467+0000] {dagbag.py:545} INFO - Filling up the DagBag from /opt/airflow/dags/etl_salaries.py
[2025-08-17T21:03:09.491+0000] {processor.py:840} INFO - DAG(s) 'etl_salaries' retrieved from /opt/airflow/dags/etl_salaries.py
[2025-08-17T21:03:09.538+0000] {logging_mixin.py:188} INFO - [2025-08-17T21:03:09.538+0000] {dag.py:3096} INFO - Sync 1 DAGs
[2025-08-17T21:03:09.564+0000] {logging_mixin.py:188} INFO - [2025-08-17T21:03:09.564+0000] {dag.py:3954} INFO - Setting next_dagrun for etl_salaries to None, run_after=None
[2025-08-17T21:03:09.595+0000] {processor.py:183} INFO - Processing /opt/airflow/dags/etl_salaries.py took 0.144 seconds
[2025-08-17T21:03:39.880+0000] {processor.py:161} INFO - Started process (PID=551) to work on /opt/airflow/dags/etl_salaries.py
[2025-08-17T21:03:39.881+0000] {processor.py:830} INFO - Processing file /opt/airflow/dags/etl_salaries.py for tasks to queue
[2025-08-17T21:03:39.884+0000] {logging_mixin.py:188} INFO - [2025-08-17T21:03:39.883+0000] {dagbag.py:545} INFO - Filling up the DagBag from /opt/airflow/dags/etl_salaries.py
[2025-08-17T21:03:39.910+0000] {processor.py:840} INFO - DAG(s) 'etl_salaries' retrieved from /opt/airflow/dags/etl_salaries.py
[2025-08-17T21:03:39.942+0000] {logging_mixin.py:188} INFO - [2025-08-17T21:03:39.942+0000] {dag.py:3096} INFO - Sync 1 DAGs
[2025-08-17T21:03:39.957+0000] {logging_mixin.py:188} INFO - [2025-08-17T21:03:39.957+0000] {dag.py:3954} INFO - Setting next_dagrun for etl_salaries to None, run_after=None
[2025-08-17T21:03:39.989+0000] {processor.py:183} INFO - Processing /opt/airflow/dags/etl_salaries.py took 0.118 seconds
[2025-08-17T21:04:10.166+0000] {processor.py:161} INFO - Started process (PID=556) to work on /opt/airflow/dags/etl_salaries.py
[2025-08-17T21:04:10.168+0000] {processor.py:830} INFO - Processing file /opt/airflow/dags/etl_salaries.py for tasks to queue
[2025-08-17T21:04:10.170+0000] {logging_mixin.py:188} INFO - [2025-08-17T21:04:10.170+0000] {dagbag.py:545} INFO - Filling up the DagBag from /opt/airflow/dags/etl_salaries.py
[2025-08-17T21:04:10.197+0000] {processor.py:840} INFO - DAG(s) 'etl_salaries' retrieved from /opt/airflow/dags/etl_salaries.py
[2025-08-17T21:04:10.228+0000] {logging_mixin.py:188} INFO - [2025-08-17T21:04:10.228+0000] {dag.py:3096} INFO - Sync 1 DAGs
[2025-08-17T21:04:10.243+0000] {logging_mixin.py:188} INFO - [2025-08-17T21:04:10.243+0000] {dag.py:3954} INFO - Setting next_dagrun for etl_salaries to None, run_after=None
[2025-08-17T21:04:10.268+0000] {processor.py:183} INFO - Processing /opt/airflow/dags/etl_salaries.py took 0.110 seconds
[2025-08-17T21:04:40.450+0000] {processor.py:161} INFO - Started process (PID=561) to work on /opt/airflow/dags/etl_salaries.py
[2025-08-17T21:04:40.452+0000] {processor.py:830} INFO - Processing file /opt/airflow/dags/etl_salaries.py for tasks to queue
[2025-08-17T21:04:40.454+0000] {logging_mixin.py:188} INFO - [2025-08-17T21:04:40.454+0000] {dagbag.py:545} INFO - Filling up the DagBag from /opt/airflow/dags/etl_salaries.py
[2025-08-17T21:04:40.487+0000] {processor.py:840} INFO - DAG(s) 'etl_salaries' retrieved from /opt/airflow/dags/etl_salaries.py
[2025-08-17T21:04:40.525+0000] {logging_mixin.py:188} INFO - [2025-08-17T21:04:40.525+0000] {dag.py:3096} INFO - Sync 1 DAGs
[2025-08-17T21:04:40.544+0000] {logging_mixin.py:188} INFO - [2025-08-17T21:04:40.543+0000] {dag.py:3954} INFO - Setting next_dagrun for etl_salaries to None, run_after=None
[2025-08-17T21:04:40.573+0000] {processor.py:183} INFO - Processing /opt/airflow/dags/etl_salaries.py took 0.133 seconds
[2025-08-17T21:05:10.868+0000] {processor.py:161} INFO - Started process (PID=566) to work on /opt/airflow/dags/etl_salaries.py
[2025-08-17T21:05:10.870+0000] {processor.py:830} INFO - Processing file /opt/airflow/dags/etl_salaries.py for tasks to queue
[2025-08-17T21:05:10.872+0000] {logging_mixin.py:188} INFO - [2025-08-17T21:05:10.872+0000] {dagbag.py:545} INFO - Filling up the DagBag from /opt/airflow/dags/etl_salaries.py
[2025-08-17T21:05:10.908+0000] {processor.py:840} INFO - DAG(s) 'etl_salaries' retrieved from /opt/airflow/dags/etl_salaries.py
[2025-08-17T21:05:10.957+0000] {logging_mixin.py:188} INFO - [2025-08-17T21:05:10.957+0000] {dag.py:3096} INFO - Sync 1 DAGs
[2025-08-17T21:05:10.981+0000] {logging_mixin.py:188} INFO - [2025-08-17T21:05:10.980+0000] {dag.py:3954} INFO - Setting next_dagrun for etl_salaries to None, run_after=None
[2025-08-17T21:05:11.023+0000] {processor.py:183} INFO - Processing /opt/airflow/dags/etl_salaries.py took 0.166 seconds
